#
# There is insufficient memory for the Java Runtime Environment to continue.
# Native memory allocation (mmap) failed to map 310378496 bytes for G1 virtual space
# Possible reasons:
#   The system is out of physical RAM or swap space
#   The process is running with CompressedOops enabled, and the Java Heap may be blocking the growth of the native heap
# Possible solutions:
#   Reduce memory load on the system
#   Increase physical memory or swap space
#   Check if swap backing store is full
#   Decrease Java heap size (-Xmx/-Xms)
#   Decrease number of Java threads
#   Decrease Java thread stack sizes (-Xss)
#   Set larger code cache with -XX:ReservedCodeCacheSize=
#   JVM is running with Zero Based Compressed Oops mode in which the Java heap is
#     placed in the first 32GB address space. The Java Heap base address is the
#     maximum limit for the native heap growth. Please use -XX:HeapBaseMinAddress
#     to set the Java Heap base and to place the Java Heap above 32GB virtual address.
# This output file may be truncated or incomplete.
#
#  Out of Memory Error (os_windows.cpp:3600), pid=25264, tid=25608
#
# JRE version: Java(TM) SE Runtime Environment (21.0.2+13) (build 21.0.2+13-LTS-58)
# Java VM: Java HotSpot(TM) 64-Bit Server VM (21.0.2+13-LTS-58, mixed mode, sharing, tiered, compressed oops, compressed class ptrs, g1 gc, windows-amd64)
# No core dump will be written. Minidumps are not enabled by default on client versions of Windows
#

---------------  S U M M A R Y ------------

Command Line: -Dmaven.multiModuleProjectDirectory=C:\Users\marce\Desktop\Alura\Java\Mensageria com Java\banking-service-master -Djansi.passthrough=true -Dmaven.home=C:\Users\marce\.m2\wrapper\dists\apache-maven-3.9.8-bin\4fnp1ql35bgk2a0p7m31ovbgb0\apache-maven-3.9.8 -Dclassworlds.conf=C:\Users\marce\.m2\wrapper\dists\apache-maven-3.9.8-bin\4fnp1ql35bgk2a0p7m31ovbgb0\apache-maven-3.9.8\bin\m2.conf -Dmaven.ext.class.path=C:\Program Files\JetBrains\IntelliJ IDEA Community Edition 2024.1.1\plugins\maven\lib\maven-event-listener.jar -javaagent:C:\Program Files\JetBrains\IntelliJ IDEA Community Edition 2024.1.1\lib\idea_rt.jar=52534:C:\Program Files\JetBrains\IntelliJ IDEA Community Edition 2024.1.1\bin -Dfile.encoding=UTF-8 -Dsun.stdout.encoding=UTF-8 -Dsun.stderr.encoding=UTF-8 org.codehaus.classworlds.Launcher -Didea.version=2024.1.1 quarkus:dev

Host: 11th Gen Intel(R) Core(TM) i5-1135G7 @ 2.40GHz, 8 cores, 15G,  Windows 11 , 64 bit Build 26100 (10.0.26100.7705)
Time: Tue Mar  3 14:11:06 2026 Hora oficial do Brasil elapsed time: 14.106729 seconds (0d 0h 0m 14s)

---------------  T H R E A D  ---------------

Current thread (0x000002085d5269d0):  VMThread "VM Thread"          [id=25608, stack(0x000000ea8f700000,0x000000ea8f800000) (1024K)]

Stack: [0x000000ea8f700000,0x000000ea8f800000]
Native frames: (J=compiled Java code, j=interpreted, Vv=VM code, C=native code)
V  [jvm.dll+0x6cade9]
V  [jvm.dll+0x8569c1]
V  [jvm.dll+0x858d2e]
V  [jvm.dll+0x859413]
V  [jvm.dll+0x280e56]
V  [jvm.dll+0x6c74d5]
V  [jvm.dll+0x6bbeca]
V  [jvm.dll+0x355bca]
V  [jvm.dll+0x35d816]
V  [jvm.dll+0x3ae67e]
V  [jvm.dll+0x3ae928]
V  [jvm.dll+0x3295dc]
V  [jvm.dll+0x329667]
V  [jvm.dll+0x36df1c]
V  [jvm.dll+0x36c71d]
V  [jvm.dll+0x328d51]
V  [jvm.dll+0x36be2a]
V  [jvm.dll+0x85ef18]
V  [jvm.dll+0x860014]
V  [jvm.dll+0x860550]
V  [jvm.dll+0x8607f3]
V  [jvm.dll+0x7ff568]
V  [jvm.dll+0x6c953d]
C  [ucrtbase.dll+0x37b0]
C  [KERNEL32.DLL+0x2e8d7]
C  [ntdll.dll+0x8c40c]

VM_Operation (0x000000ea90ffc130): G1CollectForAllocation, mode: safepoint, requested by thread 0x00000208a73d2850


---------------  P R O C E S S  ---------------

Threads class SMR info:
_java_thread_list=0x00000208a7a16bb0, length=22, elements={
0x000002083cd69ab0, 0x000002085d54b2b0, 0x000002085d54cd20, 0x000002085d54e120,
0x00000208a3002090, 0x00000208a3002700, 0x00000208a3005170, 0x00000208a3005f00,
0x00000208a3037850, 0x000002085d510ca0, 0x00000208a327cd60, 0x00000208a327d3d0,
0x00000208a3685310, 0x00000208a4cedc80, 0x00000208a36882c0, 0x00000208a6e4e6d0,
0x00000208a73d2850, 0x00000208a69ea2d0, 0x00000208a57f7ab0, 0x00000208a37331a0,
0x00000208a3733830, 0x00000208a3732480
}

Java Threads: ( => current thread )
  0x000002083cd69ab0 JavaThread "main"                              [_thread_blocked, id=21076, stack(0x000000ea8f000000,0x000000ea8f100000) (1024K)]
  0x000002085d54b2b0 JavaThread "Reference Handler"          daemon [_thread_blocked, id=13848, stack(0x000000ea8f800000,0x000000ea8f900000) (1024K)]
  0x000002085d54cd20 JavaThread "Finalizer"                  daemon [_thread_blocked, id=5432, stack(0x000000ea8f900000,0x000000ea8fa00000) (1024K)]
  0x000002085d54e120 JavaThread "Signal Dispatcher"          daemon [_thread_blocked, id=14468, stack(0x000000ea8fa00000,0x000000ea8fb00000) (1024K)]
  0x00000208a3002090 JavaThread "Attach Listener"            daemon [_thread_blocked, id=24648, stack(0x000000ea8fb00000,0x000000ea8fc00000) (1024K)]
  0x00000208a3002700 JavaThread "Service Thread"             daemon [_thread_blocked, id=1764, stack(0x000000ea8fc00000,0x000000ea8fd00000) (1024K)]
  0x00000208a3005170 JavaThread "Monitor Deflation Thread"   daemon [_thread_blocked, id=13668, stack(0x000000ea8fd00000,0x000000ea8fe00000) (1024K)]
  0x00000208a3005f00 JavaThread "C2 CompilerThread0"         daemon [_thread_blocked, id=14408, stack(0x000000ea8fe00000,0x000000ea8ff00000) (1024K)]
  0x00000208a3037850 JavaThread "C1 CompilerThread0"         daemon [_thread_blocked, id=24556, stack(0x000000ea8ff00000,0x000000ea90000000) (1024K)]
  0x000002085d510ca0 JavaThread "Common-Cleaner"             daemon [_thread_blocked, id=15664, stack(0x000000ea90000000,0x000000ea90100000) (1024K)]
  0x00000208a327cd60 JavaThread "Monitor Ctrl-Break"         daemon [_thread_in_native, id=25468, stack(0x000000ea90100000,0x000000ea90200000) (1024K)]
  0x00000208a327d3d0 JavaThread "Notification Thread"        daemon [_thread_blocked, id=5312, stack(0x000000ea90200000,0x000000ea90300000) (1024K)]
  0x00000208a3685310 JavaThread "C2 CompilerThread1"         daemon [_thread_blocked, id=21956, stack(0x000000ea90300000,0x000000ea90400000) (1024K)]
  0x00000208a4cedc80 JavaThread "Thread-1"                   daemon [_thread_blocked, id=26448, stack(0x000000ea90400000,0x000000ea90500000) (1024K)]
  0x00000208a36882c0 JavaThread "C2 CompilerThread2"         daemon [_thread_blocked, id=1348, stack(0x000000ea90d00000,0x000000ea90e00000) (1024K)]
  0x00000208a6e4e6d0 JavaThread "ForkJoinPool.commonPool-worker-1" daemon [_thread_blocked, id=25668, stack(0x000000ea90e00000,0x000000ea90f00000) (1024K)]
  0x00000208a73d2850 JavaThread "ForkJoinPool.commonPool-worker-2" daemon [_thread_blocked, id=26256, stack(0x000000ea90f00000,0x000000ea91000000) (1024K)]
  0x00000208a69ea2d0 JavaThread "ForkJoinPool.commonPool-worker-3" daemon [_thread_blocked, id=6812, stack(0x000000ea91000000,0x000000ea91100000) (1024K)]
  0x00000208a57f7ab0 JavaThread "ForkJoinPool.commonPool-worker-4" daemon [_thread_blocked, id=26592, stack(0x000000ea91100000,0x000000ea91200000) (1024K)]
  0x00000208a37331a0 JavaThread "ForkJoinPool.commonPool-worker-5" daemon [_thread_blocked, id=13280, stack(0x000000ea91200000,0x000000ea91300000) (1024K)]
  0x00000208a3733830 JavaThread "ForkJoinPool.commonPool-worker-6" daemon [_thread_blocked, id=23776, stack(0x000000ea91300000,0x000000ea91400000) (1024K)]
  0x00000208a3732480 JavaThread "ForkJoinPool.commonPool-worker-7" daemon [_thread_blocked, id=15036, stack(0x000000ea91400000,0x000000ea91500000) (1024K)]
Total: 22

Other Threads:
=>0x000002085d5269d0 VMThread "VM Thread"                           [id=25608, stack(0x000000ea8f700000,0x000000ea8f800000) (1024K)]
  0x000002085d50ffe0 WatcherThread "VM Periodic Task Thread"        [id=17144, stack(0x000000ea8f600000,0x000000ea8f700000) (1024K)]
  0x000002083cdd3ae0 WorkerThread "GC Thread#0"                     [id=25108, stack(0x000000ea8f100000,0x000000ea8f200000) (1024K)]
  0x00000208a393b050 WorkerThread "GC Thread#1"                     [id=16228, stack(0x000000ea90500000,0x000000ea90600000) (1024K)]
  0x00000208a393b3f0 WorkerThread "GC Thread#2"                     [id=14796, stack(0x000000ea90600000,0x000000ea90700000) (1024K)]
  0x00000208a393b790 WorkerThread "GC Thread#3"                     [id=22160, stack(0x000000ea90700000,0x000000ea90800000) (1024K)]
  0x00000208a393bb30 WorkerThread "GC Thread#4"                     [id=14052, stack(0x000000ea90800000,0x000000ea90900000) (1024K)]
  0x00000208a3723d90 WorkerThread "GC Thread#5"                     [id=26360, stack(0x000000ea90900000,0x000000ea90a00000) (1024K)]
  0x00000208a3d8b530 WorkerThread "GC Thread#6"                     [id=15916, stack(0x000000ea90a00000,0x000000ea90b00000) (1024K)]
  0x00000208a3d8b8d0 WorkerThread "GC Thread#7"                     [id=22032, stack(0x000000ea90b00000,0x000000ea90c00000) (1024K)]
  0x000002083ce23b80 ConcurrentGCThread "G1 Main Marker"            [id=25452, stack(0x000000ea8f200000,0x000000ea8f300000) (1024K)]
  0x000002083ce24590 WorkerThread "G1 Conc#0"                       [id=17260, stack(0x000000ea8f300000,0x000000ea8f400000) (1024K)]
  0x00000208a5062150 WorkerThread "G1 Conc#1"                       [id=21452, stack(0x000000ea90c00000,0x000000ea90d00000) (1024K)]
  0x000002085d3e14b0 ConcurrentGCThread "G1 Refine#0"               [id=4064, stack(0x000000ea8f400000,0x000000ea8f500000) (1024K)]
  0x000002085d3e2de0 ConcurrentGCThread "G1 Service"                [id=7608, stack(0x000000ea8f500000,0x000000ea8f600000) (1024K)]
Total: 15

Threads with active compile tasks:
C2 CompilerThread0    14170 7011   !   4       org.eclipse.aether.internal.impl.collect.df.DfDependencyCollector::processDependency (684 bytes)
C2 CompilerThread1    14170 6926 %     4       org.apache.maven.repository.internal.ArtifactDescriptorReaderDelegate::populateResult @ 65 (426 bytes)
C2 CompilerThread2    14170 7005       4       org.eclipse.aether.util.graph.selector.AndDependencySelector::deriveChildSelector (226 bytes)
Total: 3

VM state: at safepoint (normal execution)

VM Mutex/Monitor currently owned by a thread:  ([mutex/lock_event])
[0x00007ffa82fecd68] Threads_lock - owner thread: 0x000002085d5269d0
[0x00007ffa82fece68] Heap_lock - owner thread: 0x00000208a73d2850

Heap address: 0x0000000704400000, size: 4028 MB, Compressed Oops mode: Zero based, Oop shift amount: 3

CDS archive(s) mapped at: [0x000002085e000000-0x000002085ec90000-0x000002085ec90000), size 13172736, SharedBaseAddress: 0x000002085e000000, ArchiveRelocationMode: 1.
Compressed class space mapped at: 0x000002085f000000-0x000002089f000000, reserved size: 1073741824
Narrow klass base: 0x000002085e000000, Narrow klass shift: 0, Narrow klass range: 0x100000000

GC Precious Log:
 CardTable entry size: 512
 Card Set container configuration: InlinePtr #cards 4 size 8 Array Of Cards #cards 16 size 48 Howl #buckets 8 coarsen threshold 3686 Howl Bitmap #cards 512 size 80 coarsen threshold 460 Card regions per heap region 1 cards per card region 4096
 CPUs: 8 total, 8 available
 Memory: 16107M
 Large Page Support: Disabled
 NUMA Support: Disabled
 Compressed Oops: Enabled (Zero based)
 Heap Region Size: 2M
 Heap Min Capacity: 8M
 Heap Initial Capacity: 252M
 Heap Max Capacity: 4028M
 Pre-touch: Disabled
 Parallel Workers: 8
 Concurrent Workers: 2
 Concurrent Refinement Workers: 8
 Periodic GC: Disabled

Heap:
 garbage-first heap   total 399360K, used 211488K [0x0000000704400000, 0x0000000800000000)
  region size 2048K, 6 young (12288K), 6 survivors (12288K)
 Metaspace       used 24638K, committed 25024K, reserved 1114112K
  class space    used 2663K, committed 2816K, reserved 1048576K

Heap Regions: E=young(eden), S=young(survivor), O=old, HS=humongous(starts), HC=humongous(continues), CS=collection set, F=free, TAMS=top-at-mark-start, PB=parsable bottom
|   0|0x0000000704400000, 0x0000000704600000, 0x0000000704600000|100%| O|  |TAMS 0x0000000704600000| PB 0x0000000704400000| Untracked 
|   1|0x0000000704600000, 0x0000000704800000, 0x0000000704800000|100%| O|  |TAMS 0x0000000704800000| PB 0x0000000704600000| Untracked 
|   2|0x0000000704800000, 0x0000000704a00000, 0x0000000704a00000|100%| O|  |TAMS 0x0000000704a00000| PB 0x0000000704800000| Untracked 
|   3|0x0000000704a00000, 0x0000000704c00000, 0x0000000704c00000|100%| O|  |TAMS 0x0000000704c00000| PB 0x0000000704a00000| Untracked 
|   4|0x0000000704c00000, 0x0000000704e00000, 0x0000000704e00000|100%| O|  |TAMS 0x0000000704e00000| PB 0x0000000704c00000| Untracked 
|   5|0x0000000704e00000, 0x0000000705000000, 0x0000000705000000|100%| O|  |TAMS 0x0000000705000000| PB 0x0000000704e00000| Untracked 
|   6|0x0000000705000000, 0x0000000705200000, 0x0000000705200000|100%| O|  |TAMS 0x0000000705200000| PB 0x0000000705000000| Untracked 
|   7|0x0000000705200000, 0x0000000705400000, 0x0000000705400000|100%| O|  |TAMS 0x0000000705400000| PB 0x0000000705200000| Untracked 
|   8|0x0000000705400000, 0x0000000705600000, 0x0000000705600000|100%| O|  |TAMS 0x0000000705600000| PB 0x0000000705400000| Untracked 
|   9|0x0000000705600000, 0x0000000705800000, 0x0000000705800000|100%| O|  |TAMS 0x0000000705800000| PB 0x0000000705600000| Untracked 
|  10|0x0000000705800000, 0x0000000705a00000, 0x0000000705a00000|100%| O|  |TAMS 0x0000000705a00000| PB 0x0000000705800000| Untracked 
|  11|0x0000000705a00000, 0x0000000705c00000, 0x0000000705c00000|100%| O|  |TAMS 0x0000000705c00000| PB 0x0000000705a00000| Untracked 
|  12|0x0000000705c00000, 0x0000000705e00000, 0x0000000705e00000|100%| O|  |TAMS 0x0000000705e00000| PB 0x0000000705c00000| Updating 
|  13|0x0000000705e00000, 0x0000000706000000, 0x0000000706000000|100%| O|  |TAMS 0x0000000706000000| PB 0x0000000705e00000| Untracked 
|  14|0x0000000706000000, 0x0000000706200000, 0x0000000706200000|100%| O|  |TAMS 0x0000000706200000| PB 0x0000000706000000| Updating 
|  15|0x0000000706200000, 0x0000000706400000, 0x0000000706400000|100%| O|  |TAMS 0x0000000706400000| PB 0x0000000706200000| Untracked 
|  16|0x0000000706400000, 0x0000000706600000, 0x0000000706600000|100%| O|  |TAMS 0x0000000706600000| PB 0x0000000706400000| Untracked 
|  17|0x0000000706600000, 0x0000000706800000, 0x0000000706800000|100%| O|  |TAMS 0x0000000706800000| PB 0x0000000706600000| Untracked 
|  18|0x0000000706800000, 0x0000000706a00000, 0x0000000706a00000|100%| O|  |TAMS 0x0000000706a00000| PB 0x0000000706800000| Untracked 
|  19|0x0000000706a00000, 0x0000000706c00000, 0x0000000706c00000|100%| O|  |TAMS 0x0000000706c00000| PB 0x0000000706a00000| Untracked 
|  20|0x0000000706c00000, 0x0000000706e00000, 0x0000000706e00000|100%| O|  |TAMS 0x0000000706e00000| PB 0x0000000706c00000| Untracked 
|  21|0x0000000706e00000, 0x0000000707000000, 0x0000000707000000|100%| O|  |TAMS 0x0000000707000000| PB 0x0000000706e00000| Untracked 
|  22|0x0000000707000000, 0x0000000707200000, 0x0000000707200000|100%| O|  |TAMS 0x0000000707200000| PB 0x0000000707000000| Untracked 
|  23|0x0000000707200000, 0x0000000707400000, 0x0000000707400000|100%| O|  |TAMS 0x0000000707400000| PB 0x0000000707200000| Updating 
|  24|0x0000000707400000, 0x0000000707600000, 0x0000000707600000|100%| O|  |TAMS 0x0000000707600000| PB 0x0000000707400000| Untracked 
|  25|0x0000000707600000, 0x0000000707800000, 0x0000000707800000|100%| O|  |TAMS 0x0000000707800000| PB 0x0000000707600000| Updating 
|  26|0x0000000707800000, 0x0000000707a00000, 0x0000000707a00000|100%| O|  |TAMS 0x0000000707a00000| PB 0x0000000707800000| Untracked 
|  27|0x0000000707a00000, 0x0000000707c00000, 0x0000000707c00000|100%| O|  |TAMS 0x0000000707c00000| PB 0x0000000707a00000| Untracked 
|  28|0x0000000707c00000, 0x0000000707e00000, 0x0000000707e00000|100%| O|  |TAMS 0x0000000707e00000| PB 0x0000000707c00000| Untracked 
|  29|0x0000000707e00000, 0x0000000708000000, 0x0000000708000000|100%| O|  |TAMS 0x0000000708000000| PB 0x0000000707e00000| Untracked 
|  30|0x0000000708000000, 0x0000000708200000, 0x0000000708200000|100%| O|  |TAMS 0x0000000708200000| PB 0x0000000708000000| Untracked 
|  31|0x0000000708200000, 0x0000000708400000, 0x0000000708400000|100%| O|  |TAMS 0x0000000708400000| PB 0x0000000708200000| Updating 
|  32|0x0000000708400000, 0x0000000708600000, 0x0000000708600000|100%| O|  |TAMS 0x0000000708600000| PB 0x0000000708400000| Updating 
|  33|0x0000000708600000, 0x0000000708800000, 0x0000000708800000|100%| O|  |TAMS 0x0000000708800000| PB 0x0000000708600000| Updating 
|  34|0x0000000708800000, 0x0000000708a00000, 0x0000000708a00000|100%| O|  |TAMS 0x0000000708a00000| PB 0x0000000708800000| Updating 
|  35|0x0000000708a00000, 0x0000000708c00000, 0x0000000708c00000|100%| O|  |TAMS 0x0000000708c00000| PB 0x0000000708a00000| Untracked 
|  36|0x0000000708c00000, 0x0000000708e00000, 0x0000000708e00000|100%| O|  |TAMS 0x0000000708e00000| PB 0x0000000708c00000| Untracked 
|  37|0x0000000708e00000, 0x0000000709000000, 0x0000000709000000|100%| O|  |TAMS 0x0000000709000000| PB 0x0000000708e00000| Untracked 
|  38|0x0000000709000000, 0x0000000709200000, 0x0000000709200000|100%| O|  |TAMS 0x0000000709200000| PB 0x0000000709000000| Untracked 
|  39|0x0000000709200000, 0x0000000709400000, 0x0000000709400000|100%| O|  |TAMS 0x0000000709400000| PB 0x0000000709200000| Updating 
|  40|0x0000000709400000, 0x0000000709600000, 0x0000000709600000|100%| O|  |TAMS 0x0000000709600000| PB 0x0000000709400000| Updating 
|  41|0x0000000709600000, 0x0000000709800000, 0x0000000709800000|100%| O|  |TAMS 0x0000000709800000| PB 0x0000000709600000| Updating 
|  42|0x0000000709800000, 0x0000000709a00000, 0x0000000709a00000|100%| O|  |TAMS 0x0000000709a00000| PB 0x0000000709800000| Updating 
|  43|0x0000000709a00000, 0x0000000709c00000, 0x0000000709c00000|100%| O|  |TAMS 0x0000000709c00000| PB 0x0000000709a00000| Untracked 
|  44|0x0000000709c00000, 0x0000000709e00000, 0x0000000709e00000|100%| O|  |TAMS 0x0000000709e00000| PB 0x0000000709c00000| Untracked 
|  45|0x0000000709e00000, 0x000000070a000000, 0x000000070a000000|100%| O|  |TAMS 0x000000070a000000| PB 0x0000000709e00000| Untracked 
|  46|0x000000070a000000, 0x000000070a200000, 0x000000070a200000|100%| O|  |TAMS 0x000000070a200000| PB 0x000000070a000000| Untracked 
|  47|0x000000070a200000, 0x000000070a400000, 0x000000070a400000|100%| O|  |TAMS 0x000000070a400000| PB 0x000000070a200000| Untracked 
|  48|0x000000070a400000, 0x000000070a600000, 0x000000070a600000|100%| O|  |TAMS 0x000000070a600000| PB 0x000000070a400000| Untracked 
|  49|0x000000070a600000, 0x000000070a800000, 0x000000070a800000|100%| O|  |TAMS 0x000000070a800000| PB 0x000000070a600000| Untracked 
|  50|0x000000070a800000, 0x000000070aa00000, 0x000000070aa00000|100%| O|  |TAMS 0x000000070aa00000| PB 0x000000070a800000| Untracked 
|  51|0x000000070aa00000, 0x000000070ac00000, 0x000000070ac00000|100%| O|  |TAMS 0x000000070ac00000| PB 0x000000070aa00000| Untracked 
|  52|0x000000070ac00000, 0x000000070ae00000, 0x000000070ae00000|100%| O|  |TAMS 0x000000070ae00000| PB 0x000000070ac00000| Updating 
|  53|0x000000070ae00000, 0x000000070b000000, 0x000000070b000000|100%| O|  |TAMS 0x000000070b000000| PB 0x000000070ae00000| Updating 
|  54|0x000000070b000000, 0x000000070b200000, 0x000000070b200000|100%| O|  |TAMS 0x000000070b200000| PB 0x000000070b000000| Updating 
|  55|0x000000070b200000, 0x000000070b400000, 0x000000070b400000|100%| O|  |TAMS 0x000000070b400000| PB 0x000000070b200000| Untracked 
|  56|0x000000070b400000, 0x000000070b600000, 0x000000070b600000|100%| O|  |TAMS 0x000000070b600000| PB 0x000000070b400000| Untracked 
|  57|0x000000070b600000, 0x000000070b800000, 0x000000070b800000|100%| O|  |TAMS 0x000000070b800000| PB 0x000000070b600000| Untracked 
|  58|0x000000070b800000, 0x000000070ba00000, 0x000000070ba00000|100%| O|  |TAMS 0x000000070ba00000| PB 0x000000070b800000| Untracked 
|  59|0x000000070ba00000, 0x000000070bc00000, 0x000000070bc00000|100%| O|  |TAMS 0x000000070bc00000| PB 0x000000070ba00000| Untracked 
|  60|0x000000070bc00000, 0x000000070be00000, 0x000000070be00000|100%| O|  |TAMS 0x000000070be00000| PB 0x000000070bc00000| Untracked 
|  61|0x000000070be00000, 0x000000070c000000, 0x000000070c000000|100%| O|  |TAMS 0x000000070c000000| PB 0x000000070be00000| Untracked 
|  62|0x000000070c000000, 0x000000070c200000, 0x000000070c200000|100%| O|  |TAMS 0x000000070c200000| PB 0x000000070c000000| Untracked 
|  63|0x000000070c200000, 0x000000070c400000, 0x000000070c400000|100%| O|  |TAMS 0x000000070c200000| PB 0x000000070c200000| Untracked 
|  64|0x000000070c400000, 0x000000070c600000, 0x000000070c600000|100%| O|  |TAMS 0x000000070c600000| PB 0x000000070c400000| Updating 
|  65|0x000000070c600000, 0x000000070c800000, 0x000000070c800000|100%| O|  |TAMS 0x000000070c800000| PB 0x000000070c600000| Updating 
|  66|0x000000070c800000, 0x000000070ca00000, 0x000000070ca00000|100%| O|  |TAMS 0x000000070ca00000| PB 0x000000070c800000| Untracked 
|  67|0x000000070ca00000, 0x000000070cc00000, 0x000000070cc00000|100%| O|  |TAMS 0x000000070cc00000| PB 0x000000070ca00000| Untracked 
|  68|0x000000070cc00000, 0x000000070ce00000, 0x000000070ce00000|100%| O|  |TAMS 0x000000070ce00000| PB 0x000000070cc00000| Untracked 
|  69|0x000000070ce00000, 0x000000070d000000, 0x000000070d000000|100%| O|  |TAMS 0x000000070d000000| PB 0x000000070ce00000| Untracked 
|  70|0x000000070d000000, 0x000000070d200000, 0x000000070d200000|100%| O|  |TAMS 0x000000070d200000| PB 0x000000070d000000| Untracked 
|  71|0x000000070d200000, 0x000000070d400000, 0x000000070d400000|100%| O|  |TAMS 0x000000070d400000| PB 0x000000070d200000| Untracked 
|  72|0x000000070d400000, 0x000000070d600000, 0x000000070d600000|100%| O|  |TAMS 0x000000070d600000| PB 0x000000070d400000| Untracked 
|  73|0x000000070d600000, 0x000000070d800000, 0x000000070d800000|100%| O|  |TAMS 0x000000070d800000| PB 0x000000070d600000| Untracked 
|  74|0x000000070d800000, 0x000000070da00000, 0x000000070da00000|100%| O|  |TAMS 0x000000070da00000| PB 0x000000070d800000| Updating 
|  75|0x000000070da00000, 0x000000070dc00000, 0x000000070dc00000|100%| O|  |TAMS 0x000000070dc00000| PB 0x000000070da00000| Updating 
|  76|0x000000070dc00000, 0x000000070de00000, 0x000000070de00000|100%| O|  |TAMS 0x000000070dc00000| PB 0x000000070dc00000| Untracked 
|  77|0x000000070de00000, 0x000000070e000000, 0x000000070e000000|100%| O|  |TAMS 0x000000070dfac8f8| PB 0x000000070de00000| Updating 
|  78|0x000000070e000000, 0x000000070e200000, 0x000000070e200000|100%| O|  |TAMS 0x000000070e000000| PB 0x000000070e000000| Untracked 
|  79|0x000000070e200000, 0x000000070e400000, 0x000000070e400000|100%| O|  |TAMS 0x000000070e200000| PB 0x000000070e200000| Untracked 
|  80|0x000000070e400000, 0x000000070e600000, 0x000000070e600000|100%| O|  |TAMS 0x000000070e400000| PB 0x000000070e400000| Untracked 
|  81|0x000000070e600000, 0x000000070e800000, 0x000000070e800000|100%| O|  |TAMS 0x000000070e600000| PB 0x000000070e600000| Untracked 
|  82|0x000000070e800000, 0x000000070ea00000, 0x000000070ea00000|100%| O|  |TAMS 0x000000070e800000| PB 0x000000070e800000| Untracked 
|  83|0x000000070ea00000, 0x000000070ec00000, 0x000000070ec00000|100%| O|  |TAMS 0x000000070ea00000| PB 0x000000070ea00000| Untracked 
|  84|0x000000070ec00000, 0x000000070ee00000, 0x000000070ee00000|100%| O|  |TAMS 0x000000070ec00000| PB 0x000000070ec00000| Untracked 
|  85|0x000000070ee00000, 0x000000070f000000, 0x000000070f000000|100%| O|  |TAMS 0x000000070ee00000| PB 0x000000070ee00000| Untracked 
|  86|0x000000070f000000, 0x000000070f200000, 0x000000070f200000|100%| O|  |TAMS 0x000000070f000000| PB 0x000000070f000000| Untracked 
|  87|0x000000070f200000, 0x000000070f400000, 0x000000070f400000|100%| O|  |TAMS 0x000000070f200000| PB 0x000000070f200000| Untracked 
|  88|0x000000070f400000, 0x000000070f600000, 0x000000070f600000|100%| O|  |TAMS 0x000000070f400000| PB 0x000000070f400000| Untracked 
|  89|0x000000070f600000, 0x000000070f800000, 0x000000070f800000|100%| O|  |TAMS 0x000000070f600000| PB 0x000000070f600000| Untracked 
|  90|0x000000070f800000, 0x000000070fa00000, 0x000000070fa00000|100%| O|  |TAMS 0x000000070f800000| PB 0x000000070f800000| Untracked 
|  91|0x000000070fa00000, 0x000000070fc00000, 0x000000070fc00000|100%| O|  |TAMS 0x000000070fa00000| PB 0x000000070fa00000| Untracked 
|  92|0x000000070fc00000, 0x000000070fe00000, 0x000000070fe00000|100%| O|  |TAMS 0x000000070fc00000| PB 0x000000070fc00000| Untracked 
|  93|0x000000070fe00000, 0x0000000710000000, 0x0000000710000000|100%| O|  |TAMS 0x000000070fe00000| PB 0x000000070fe00000| Untracked 
|  94|0x0000000710000000, 0x0000000710200000, 0x0000000710200000|100%| O|  |TAMS 0x0000000710000000| PB 0x0000000710000000| Untracked 
|  95|0x0000000710200000, 0x0000000710400000, 0x0000000710400000|100%| O|  |TAMS 0x0000000710200000| PB 0x0000000710200000| Untracked 
|  96|0x0000000710400000, 0x0000000710600000, 0x0000000710600000|100%| O|  |TAMS 0x0000000710400000| PB 0x0000000710400000| Untracked 
|  97|0x0000000710600000, 0x00000007106881d0, 0x0000000710800000| 26%| O|  |TAMS 0x0000000710600000| PB 0x0000000710600000| Untracked 
|  98|0x0000000710800000, 0x0000000710800000, 0x0000000710a00000|  0%| F|  |TAMS 0x0000000710800000| PB 0x0000000710800000| Untracked 
|  99|0x0000000710a00000, 0x0000000710a00000, 0x0000000710c00000|  0%| F|  |TAMS 0x0000000710a00000| PB 0x0000000710a00000| Untracked 
| 100|0x0000000710c00000, 0x0000000710c00000, 0x0000000710e00000|  0%| F|  |TAMS 0x0000000710c00000| PB 0x0000000710c00000| Untracked 
| 101|0x0000000710e00000, 0x0000000710e00000, 0x0000000711000000|  0%| F|  |TAMS 0x0000000710e00000| PB 0x0000000710e00000| Untracked 
| 102|0x0000000711000000, 0x0000000711000000, 0x0000000711200000|  0%| F|  |TAMS 0x0000000711000000| PB 0x0000000711000000| Untracked 
| 103|0x0000000711200000, 0x0000000711200000, 0x0000000711400000|  0%| F|  |TAMS 0x0000000711200000| PB 0x0000000711200000| Untracked 
| 104|0x0000000711400000, 0x0000000711400000, 0x0000000711600000|  0%| F|  |TAMS 0x0000000711400000| PB 0x0000000711400000| Untracked 
| 105|0x0000000711600000, 0x0000000711600000, 0x0000000711800000|  0%| F|  |TAMS 0x0000000711600000| PB 0x0000000711600000| Untracked 
| 106|0x0000000711800000, 0x0000000711800000, 0x0000000711a00000|  0%| F|  |TAMS 0x0000000711800000| PB 0x0000000711800000| Untracked 
| 107|0x0000000711a00000, 0x0000000711a00000, 0x0000000711c00000|  0%| F|  |TAMS 0x0000000711a00000| PB 0x0000000711a00000| Untracked 
| 108|0x0000000711c00000, 0x0000000711c00000, 0x0000000711e00000|  0%| F|  |TAMS 0x0000000711c00000| PB 0x0000000711c00000| Untracked 
| 109|0x0000000711e00000, 0x0000000711e00000, 0x0000000712000000|  0%| F|  |TAMS 0x0000000711e00000| PB 0x0000000711e00000| Untracked 
| 110|0x0000000712000000, 0x0000000712000000, 0x0000000712200000|  0%| F|  |TAMS 0x0000000712000000| PB 0x0000000712000000| Untracked 
| 111|0x0000000712200000, 0x0000000712200000, 0x0000000712400000|  0%| F|  |TAMS 0x0000000712200000| PB 0x0000000712200000| Untracked 
| 112|0x0000000712400000, 0x0000000712400000, 0x0000000712600000|  0%| F|  |TAMS 0x0000000712400000| PB 0x0000000712400000| Untracked 
| 113|0x0000000712600000, 0x0000000712600000, 0x0000000712800000|  0%| F|  |TAMS 0x0000000712600000| PB 0x0000000712600000| Untracked 
| 114|0x0000000712800000, 0x0000000712800000, 0x0000000712a00000|  0%| F|  |TAMS 0x0000000712800000| PB 0x0000000712800000| Untracked 
| 115|0x0000000712a00000, 0x0000000712a00000, 0x0000000712c00000|  0%| F|  |TAMS 0x0000000712a00000| PB 0x0000000712a00000| Untracked 
| 116|0x0000000712c00000, 0x0000000712c00000, 0x0000000712e00000|  0%| F|  |TAMS 0x0000000712c00000| PB 0x0000000712c00000| Untracked 
| 117|0x0000000712e00000, 0x0000000712e00000, 0x0000000713000000|  0%| F|  |TAMS 0x0000000712e00000| PB 0x0000000712e00000| Untracked 
| 118|0x0000000713000000, 0x0000000713000000, 0x0000000713200000|  0%| F|  |TAMS 0x0000000713000000| PB 0x0000000713000000| Untracked 
| 119|0x0000000713200000, 0x0000000713200000, 0x0000000713400000|  0%| F|  |TAMS 0x0000000713200000| PB 0x0000000713200000| Untracked 
| 120|0x0000000713400000, 0x0000000713400000, 0x0000000713600000|  0%| F|  |TAMS 0x0000000713400000| PB 0x0000000713400000| Untracked 
| 121|0x0000000713600000, 0x0000000713600000, 0x0000000713800000|  0%| F|  |TAMS 0x0000000713600000| PB 0x0000000713600000| Untracked 
| 122|0x0000000713800000, 0x0000000713800000, 0x0000000713a00000|  0%| F|  |TAMS 0x0000000713800000| PB 0x0000000713800000| Untracked 
| 123|0x0000000713a00000, 0x0000000713a00000, 0x0000000713c00000|  0%| F|  |TAMS 0x0000000713a00000| PB 0x0000000713a00000| Untracked 
| 124|0x0000000713c00000, 0x0000000713c00000, 0x0000000713e00000|  0%| F|  |TAMS 0x0000000713c00000| PB 0x0000000713c00000| Untracked 
| 125|0x0000000713e00000, 0x0000000713e00000, 0x0000000714000000|  0%| F|  |TAMS 0x0000000713e00000| PB 0x0000000713e00000| Untracked 
| 126|0x0000000714000000, 0x0000000714000000, 0x0000000714200000|  0%| F|  |TAMS 0x0000000714000000| PB 0x0000000714000000| Untracked 
| 127|0x0000000714200000, 0x0000000714200000, 0x0000000714400000|  0%| F|  |TAMS 0x0000000714200000| PB 0x0000000714200000| Untracked 
| 128|0x0000000714400000, 0x0000000714400000, 0x0000000714600000|  0%| F|  |TAMS 0x0000000714400000| PB 0x0000000714400000| Untracked 
| 129|0x0000000714600000, 0x0000000714600000, 0x0000000714800000|  0%| F|  |TAMS 0x0000000714600000| PB 0x0000000714600000| Untracked 
| 130|0x0000000714800000, 0x0000000714800000, 0x0000000714a00000|  0%| F|  |TAMS 0x0000000714800000| PB 0x0000000714800000| Untracked 
| 131|0x0000000714a00000, 0x0000000714a00000, 0x0000000714c00000|  0%| F|  |TAMS 0x0000000714a00000| PB 0x0000000714a00000| Untracked 
| 132|0x0000000714c00000, 0x0000000714c00000, 0x0000000714e00000|  0%| F|  |TAMS 0x0000000714c00000| PB 0x0000000714c00000| Untracked 
| 133|0x0000000714e00000, 0x0000000714e00000, 0x0000000715000000|  0%| F|  |TAMS 0x0000000714e00000| PB 0x0000000714e00000| Untracked 
| 134|0x0000000715000000, 0x0000000715000000, 0x0000000715200000|  0%| F|  |TAMS 0x0000000715000000| PB 0x0000000715000000| Untracked 
| 135|0x0000000715200000, 0x0000000715200000, 0x0000000715400000|  0%| F|  |TAMS 0x0000000715200000| PB 0x0000000715200000| Untracked 
| 136|0x0000000715400000, 0x0000000715400000, 0x0000000715600000|  0%| F|  |TAMS 0x0000000715400000| PB 0x0000000715400000| Untracked 
| 137|0x0000000715600000, 0x0000000715600000, 0x0000000715800000|  0%| F|  |TAMS 0x0000000715600000| PB 0x0000000715600000| Untracked 
| 138|0x0000000715800000, 0x0000000715800000, 0x0000000715a00000|  0%| F|  |TAMS 0x0000000715800000| PB 0x0000000715800000| Untracked 
| 139|0x0000000715a00000, 0x0000000715a00000, 0x0000000715c00000|  0%| F|  |TAMS 0x0000000715a00000| PB 0x0000000715a00000| Untracked 
| 140|0x0000000715c00000, 0x0000000715c00000, 0x0000000715e00000|  0%| F|  |TAMS 0x0000000715c00000| PB 0x0000000715c00000| Untracked 
| 141|0x0000000715e00000, 0x0000000715e00000, 0x0000000716000000|  0%| F|  |TAMS 0x0000000715e00000| PB 0x0000000715e00000| Untracked 
| 142|0x0000000716000000, 0x0000000716000000, 0x0000000716200000|  0%| F|  |TAMS 0x0000000716000000| PB 0x0000000716000000| Untracked 
| 143|0x0000000716200000, 0x0000000716200000, 0x0000000716400000|  0%| F|  |TAMS 0x0000000716200000| PB 0x0000000716200000| Untracked 
| 144|0x0000000716400000, 0x0000000716400000, 0x0000000716600000|  0%| F|  |TAMS 0x0000000716400000| PB 0x0000000716400000| Untracked 
| 145|0x0000000716600000, 0x0000000716600000, 0x0000000716800000|  0%| F|  |TAMS 0x0000000716600000| PB 0x0000000716600000| Untracked 
| 146|0x0000000716800000, 0x0000000716800000, 0x0000000716a00000|  0%| F|  |TAMS 0x0000000716800000| PB 0x0000000716800000| Untracked 
| 147|0x0000000716a00000, 0x0000000716a00000, 0x0000000716c00000|  0%| F|  |TAMS 0x0000000716a00000| PB 0x0000000716a00000| Untracked 
| 148|0x0000000716c00000, 0x0000000716c00000, 0x0000000716e00000|  0%| F|  |TAMS 0x0000000716c00000| PB 0x0000000716c00000| Untracked 
| 149|0x0000000716e00000, 0x0000000716e00000, 0x0000000717000000|  0%| F|  |TAMS 0x0000000716e00000| PB 0x0000000716e00000| Untracked 
| 150|0x0000000717000000, 0x0000000717000000, 0x0000000717200000|  0%| F|  |TAMS 0x0000000717000000| PB 0x0000000717000000| Untracked 
| 151|0x0000000717200000, 0x0000000717200000, 0x0000000717400000|  0%| F|  |TAMS 0x0000000717200000| PB 0x0000000717200000| Untracked 
| 152|0x0000000717400000, 0x0000000717400000, 0x0000000717600000|  0%| F|  |TAMS 0x0000000717400000| PB 0x0000000717400000| Untracked 
| 153|0x0000000717600000, 0x0000000717600000, 0x0000000717800000|  0%| F|  |TAMS 0x0000000717600000| PB 0x0000000717600000| Untracked 
| 154|0x0000000717800000, 0x0000000717800000, 0x0000000717a00000|  0%| F|  |TAMS 0x0000000717800000| PB 0x0000000717800000| Untracked 
| 155|0x0000000717a00000, 0x0000000717a00000, 0x0000000717c00000|  0%| F|  |TAMS 0x0000000717a00000| PB 0x0000000717a00000| Untracked 
| 156|0x0000000717c00000, 0x0000000717c00000, 0x0000000717e00000|  0%| F|  |TAMS 0x0000000717c00000| PB 0x0000000717c00000| Untracked 
| 157|0x0000000717e00000, 0x0000000717e00000, 0x0000000718000000|  0%| F|  |TAMS 0x0000000717e00000| PB 0x0000000717e00000| Untracked 
| 158|0x0000000718000000, 0x0000000718000000, 0x0000000718200000|  0%| F|  |TAMS 0x0000000718000000| PB 0x0000000718000000| Untracked 
| 159|0x0000000718200000, 0x0000000718200000, 0x0000000718400000|  0%| F|  |TAMS 0x0000000718200000| PB 0x0000000718200000| Untracked 
| 160|0x0000000718400000, 0x0000000718400000, 0x0000000718600000|  0%| F|  |TAMS 0x0000000718400000| PB 0x0000000718400000| Untracked 
| 161|0x0000000718600000, 0x0000000718600000, 0x0000000718800000|  0%| F|  |TAMS 0x0000000718600000| PB 0x0000000718600000| Untracked 
| 162|0x0000000718800000, 0x0000000718800000, 0x0000000718a00000|  0%| F|  |TAMS 0x0000000718800000| PB 0x0000000718800000| Untracked 
| 163|0x0000000718a00000, 0x0000000718a00000, 0x0000000718c00000|  0%| F|  |TAMS 0x0000000718a00000| PB 0x0000000718a00000| Untracked 
| 164|0x0000000718c00000, 0x0000000718c00000, 0x0000000718e00000|  0%| F|  |TAMS 0x0000000718c00000| PB 0x0000000718c00000| Untracked 
| 165|0x0000000718e00000, 0x0000000718e00000, 0x0000000719000000|  0%| F|  |TAMS 0x0000000718e00000| PB 0x0000000718e00000| Untracked 
| 166|0x0000000719000000, 0x0000000719000000, 0x0000000719200000|  0%| F|  |TAMS 0x0000000719000000| PB 0x0000000719000000| Untracked 
| 167|0x0000000719200000, 0x0000000719200000, 0x0000000719400000|  0%| F|  |TAMS 0x0000000719200000| PB 0x0000000719200000| Untracked 
| 168|0x0000000719400000, 0x0000000719400000, 0x0000000719600000|  0%| F|  |TAMS 0x0000000719400000| PB 0x0000000719400000| Untracked 
| 169|0x0000000719600000, 0x0000000719600000, 0x0000000719800000|  0%| F|  |TAMS 0x0000000719600000| PB 0x0000000719600000| Untracked 
| 170|0x0000000719800000, 0x0000000719800000, 0x0000000719a00000|  0%| F|  |TAMS 0x0000000719800000| PB 0x0000000719800000| Untracked 
| 171|0x0000000719a00000, 0x0000000719a00000, 0x0000000719c00000|  0%| F|  |TAMS 0x0000000719a00000| PB 0x0000000719a00000| Untracked 
| 172|0x0000000719c00000, 0x0000000719c00000, 0x0000000719e00000|  0%| F|  |TAMS 0x0000000719c00000| PB 0x0000000719c00000| Untracked 
| 173|0x0000000719e00000, 0x0000000719e00000, 0x000000071a000000|  0%| F|  |TAMS 0x0000000719e00000| PB 0x0000000719e00000| Untracked 
| 174|0x000000071a000000, 0x000000071a000000, 0x000000071a200000|  0%| F|  |TAMS 0x000000071a000000| PB 0x000000071a000000| Untracked 
| 175|0x000000071a200000, 0x000000071a400000, 0x000000071a400000|100%| S|CS|TAMS 0x000000071a200000| PB 0x000000071a200000| Complete 
| 176|0x000000071a400000, 0x000000071a600000, 0x000000071a600000|100%| S|CS|TAMS 0x000000071a400000| PB 0x000000071a400000| Complete 
| 177|0x000000071a600000, 0x000000071a800000, 0x000000071a800000|100%| S|CS|TAMS 0x000000071a600000| PB 0x000000071a600000| Complete 
| 178|0x000000071a800000, 0x000000071aa00000, 0x000000071aa00000|100%| S|CS|TAMS 0x000000071a800000| PB 0x000000071a800000| Complete 
| 179|0x000000071aa00000, 0x000000071ac00000, 0x000000071ac00000|100%| S|CS|TAMS 0x000000071aa00000| PB 0x000000071aa00000| Complete 
| 180|0x000000071ac00000, 0x000000071ae00000, 0x000000071ae00000|100%| S|CS|TAMS 0x000000071ac00000| PB 0x000000071ac00000| Complete 
| 181|0x000000071ae00000, 0x000000071ae00000, 0x000000071b000000|  0%| F|  |TAMS 0x000000071ae00000| PB 0x000000071ae00000| Untracked 
| 182|0x000000071b000000, 0x000000071b000000, 0x000000071b200000|  0%| F|  |TAMS 0x000000071b000000| PB 0x000000071b000000| Untracked 
| 183|0x000000071b200000, 0x000000071b200000, 0x000000071b400000|  0%| F|  |TAMS 0x000000071b200000| PB 0x000000071b200000| Untracked 
| 184|0x000000071b400000, 0x000000071b400000, 0x000000071b600000|  0%| F|  |TAMS 0x000000071b400000| PB 0x000000071b400000| Untracked 
| 185|0x000000071b600000, 0x000000071b600000, 0x000000071b800000|  0%| F|  |TAMS 0x000000071b600000| PB 0x000000071b600000| Untracked 
| 186|0x000000071b800000, 0x000000071b800000, 0x000000071ba00000|  0%| F|  |TAMS 0x000000071b800000| PB 0x000000071b800000| Untracked 
| 187|0x000000071ba00000, 0x000000071ba00000, 0x000000071bc00000|  0%| F|  |TAMS 0x000000071ba00000| PB 0x000000071ba00000| Untracked 
| 188|0x000000071bc00000, 0x000000071bc00000, 0x000000071be00000|  0%| F|  |TAMS 0x000000071bc00000| PB 0x000000071bc00000| Untracked 
| 189|0x000000071be00000, 0x000000071be00000, 0x000000071c000000|  0%| F|  |TAMS 0x000000071be00000| PB 0x000000071be00000| Untracked 
| 190|0x000000071c000000, 0x000000071c000000, 0x000000071c200000|  0%| F|  |TAMS 0x000000071c000000| PB 0x000000071c000000| Untracked 
| 191|0x000000071c200000, 0x000000071c200000, 0x000000071c400000|  0%| F|  |TAMS 0x000000071c200000| PB 0x000000071c200000| Untracked 
| 192|0x000000071c400000, 0x000000071c400000, 0x000000071c600000|  0%| F|  |TAMS 0x000000071c400000| PB 0x000000071c400000| Untracked 
| 193|0x000000071c600000, 0x000000071c600000, 0x000000071c800000|  0%| F|  |TAMS 0x000000071c600000| PB 0x000000071c600000| Untracked 
| 194|0x000000071c800000, 0x000000071c800000, 0x000000071ca00000|  0%| F|  |TAMS 0x000000071c800000| PB 0x000000071c800000| Untracked 

Card table byte_map: [0x0000020856bf0000,0x00000208573d0000] _byte_map_base: 0x00000208533ce000

Marking Bits: (CMBitMap*) 0x000002083cdd40f0
 Bits: [0x00000208573d0000, 0x000002085b2c0000)

Polling page: 0x000002083ce30000

Metaspace:

Usage:
  Non-class:     21.46 MB used.
      Class:      2.60 MB used.
       Both:     24.06 MB used.

Virtual space:
  Non-class space:       64.00 MB reserved,      21.69 MB ( 34%) committed,  1 nodes.
      Class space:        1.00 GB reserved,       2.75 MB ( <1%) committed,  1 nodes.
             Both:        1.06 GB reserved,      24.44 MB (  2%) committed. 

Chunk freelists:
   Non-Class:  10.08 MB
       Class:  13.25 MB
        Both:  23.33 MB

MaxMetaspaceSize: unlimited
CompressedClassSpaceSize: 1.00 GB
Initial GC threshold: 21.00 MB
Current GC threshold: 40.75 MB
CDS: on
 - commit_granule_bytes: 65536.
 - commit_granule_words: 8192.
 - virtual_space_node_default_size: 8388608.
 - enlarge_chunks_in_place: 1.
 - use_allocation_guard: 0.


Internal statistics:

num_allocs_failed_limit: 3.
num_arena_births: 396.
num_arena_deaths: 6.
num_vsnodes_births: 2.
num_vsnodes_deaths: 0.
num_space_committed: 391.
num_space_uncommitted: 0.
num_chunks_returned_to_freelist: 12.
num_chunks_taken_from_freelist: 1264.
num_chunk_merges: 3.
num_chunk_splits: 855.
num_chunks_enlarged: 636.
num_inconsistent_stats: 0.

CodeHeap 'non-profiled nmethods': size=120000Kb used=4754Kb max_used=6032Kb free=115246Kb
 bounds [0x000002084e470000, 0x000002084ea60000, 0x00000208559a0000]
CodeHeap 'profiled nmethods': size=120000Kb used=12468Kb max_used=15876Kb free=107531Kb
 bounds [0x00000208469a0000, 0x0000020847930000, 0x000002084ded0000]
CodeHeap 'non-nmethods': size=5760Kb used=1593Kb max_used=1695Kb free=4166Kb
 bounds [0x000002084ded0000, 0x000002084e140000, 0x000002084e470000]
 total_blobs=6451 nmethods=5924 adapters=431
 compilation: enabled
              stopped_count=0, restarted_count=0
 full_count=0

Compilation events (20 events):
Event: 12.542 Thread 0x00000208a3037850 7013       3       org.eclipse.aether.util.graph.transformer.NearestVersionSelector::isNearer (57 bytes)
Event: 12.543 Thread 0x00000208a3037850 nmethod 7013 0x0000020846b5a090 code [0x0000020846b5a280, 0x0000020846b5a780]
Event: 12.543 Thread 0x00000208a3037850 7014       3       org.eclipse.aether.util.graph.transformer.ConflictResolver$ConflictItem::isSibling (17 bytes)
Event: 12.543 Thread 0x00000208a3037850 nmethod 7014 0x00000208469fd710 code [0x00000208469fd8c0, 0x00000208469fda38]
Event: 12.543 Thread 0x00000208a3037850 7016       2       java.lang.invoke.LambdaForm$MH/0x000002085f24d000::invoke (42 bytes)
Event: 12.543 Thread 0x00000208a3037850 nmethod 7016 0x00000208469df290 code [0x00000208469df460, 0x00000208469df6a8]
Event: 12.544 Thread 0x00000208a3037850 7017       3       org.eclipse.aether.util.graph.transformer.ConflictResolver$State::add (85 bytes)
Event: 12.544 Thread 0x00000208a3037850 nmethod 7017 0x00000208469f4a10 code [0x00000208469f4ca0, 0x00000208469f5938]
Event: 12.546 Thread 0x00000208a3005f00 nmethod 6944 0x000002084e7f9010 code [0x000002084e7f9320, 0x000002084e7fb138]
Event: 12.546 Thread 0x00000208a3005f00 7011   !   4       org.eclipse.aether.internal.impl.collect.df.DfDependencyCollector::processDependency (684 bytes)
Event: 12.554 Thread 0x00000208a3037850 7020       2       io.quarkus.bootstrap.util.DependencyUtils::hasWinner (36 bytes)
Event: 12.554 Thread 0x00000208a3037850 nmethod 7020 0x00000208469bc490 code [0x00000208469bc660, 0x00000208469bc858]
Event: 12.560 Thread 0x00000208a3037850 7021       2       io.quarkus.bootstrap.resolver.maven.IncubatingApplicationModelResolver::isSameKey (78 bytes)
Event: 12.560 Thread 0x00000208a3037850 nmethod 7021 0x00000208469bd110 code [0x00000208469bd360, 0x00000208469bd6b0]
Event: 12.560 Thread 0x00000208a3037850 7022       2       io.quarkus.bootstrap.resolver.maven.IncubatingApplicationModelResolver$ExtensionDependency::replaceDirectDepBranch (325 bytes)
Event: 12.562 Thread 0x00000208a3037850 nmethod 7022 0x0000020846a32490 code [0x0000020846a32760, 0x0000020846a333b8]
Event: 12.562 Thread 0x00000208a3037850 7023       2       java.util.concurrent.CompletableFuture::completeNull (12 bytes)
Event: 12.562 Thread 0x00000208a3037850 nmethod 7023 0x00000208469c3710 code [0x00000208469c3900, 0x00000208469c3cd0]
Event: 12.568 Thread 0x00000208a3037850 7024       3       org.eclipse.aether.util.artifact.ArtifactIdUtils::concat (87 bytes)
Event: 12.568 Thread 0x00000208a3037850 nmethod 7024 0x0000020846c47590 code [0x0000020846c47800, 0x0000020846c48098]

GC Heap History (20 events):
Event: 2.698 GC heap after
{Heap after GC invocations=3 (full 0):
 garbage-first heap   total 258048K, used 24146K [0x0000000704400000, 0x0000000800000000)
  region size 2048K, 10 young (20480K), 10 survivors (20480K)
 Metaspace       used 16998K, committed 17280K, reserved 1114112K
  class space    used 1904K, committed 2048K, reserved 1048576K
}
Event: 4.698 GC heap before
{Heap before GC invocations=3 (full 0):
 garbage-first heap   total 258048K, used 151122K [0x0000000704400000, 0x0000000800000000)
  region size 2048K, 72 young (147456K), 10 survivors (20480K)
 Metaspace       used 19317K, committed 19584K, reserved 1114112K
  class space    used 2126K, committed 2240K, reserved 1048576K
}
Event: 4.731 GC heap after
{Heap after GC invocations=4 (full 0):
 garbage-first heap   total 258048K, used 40960K [0x0000000704400000, 0x0000000800000000)
  region size 2048K, 9 young (18432K), 9 survivors (18432K)
 Metaspace       used 19317K, committed 19584K, reserved 1114112K
  class space    used 2126K, committed 2240K, reserved 1048576K
}
Event: 5.657 GC heap before
{Heap before GC invocations=4 (full 0):
 garbage-first heap   total 258048K, used 151552K [0x0000000704400000, 0x0000000800000000)
  region size 2048K, 63 young (129024K), 9 survivors (18432K)
 Metaspace       used 19419K, committed 19712K, reserved 1114112K
  class space    used 2128K, committed 2240K, reserved 1048576K
}
Event: 5.688 GC heap after
{Heap after GC invocations=5 (full 0):
 garbage-first heap   total 258048K, used 68506K [0x0000000704400000, 0x0000000800000000)
  region size 2048K, 8 young (16384K), 8 survivors (16384K)
 Metaspace       used 19419K, committed 19712K, reserved 1114112K
  class space    used 2128K, committed 2240K, reserved 1048576K
}
Event: 8.253 GC heap before
{Heap before GC invocations=5 (full 0):
 garbage-first heap   total 258048K, used 170906K [0x0000000704400000, 0x0000000800000000)
  region size 2048K, 59 young (120832K), 8 survivors (16384K)
 Metaspace       used 21256K, committed 21504K, reserved 1114112K
  class space    used 2310K, committed 2432K, reserved 1048576K
}
Event: 8.280 GC heap after
{Heap after GC invocations=6 (full 0):
 garbage-first heap   total 258048K, used 85849K [0x0000000704400000, 0x0000000800000000)
  region size 2048K, 8 young (16384K), 8 survivors (16384K)
 Metaspace       used 21256K, committed 21504K, reserved 1114112K
  class space    used 2310K, committed 2432K, reserved 1048576K
}
Event: 9.872 GC heap before
{Heap before GC invocations=7 (full 0):
 garbage-first heap   total 258048K, used 198489K [0x0000000704400000, 0x0000000800000000)
  region size 2048K, 63 young (129024K), 8 survivors (16384K)
 Metaspace       used 23925K, committed 24320K, reserved 1114112K
  class space    used 2597K, committed 2816K, reserved 1048576K
}
Event: 9.896 GC heap after
{Heap after GC invocations=8 (full 0):
 garbage-first heap   total 258048K, used 103424K [0x0000000704400000, 0x0000000800000000)
  region size 2048K, 8 young (16384K), 8 survivors (16384K)
 Metaspace       used 23925K, committed 24320K, reserved 1114112K
  class space    used 2597K, committed 2816K, reserved 1048576K
}
Event: 10.643 GC heap before
{Heap before GC invocations=8 (full 0):
 garbage-first heap   total 258048K, used 207872K [0x0000000704400000, 0x0000000800000000)
  region size 2048K, 59 young (120832K), 8 survivors (16384K)
 Metaspace       used 23947K, committed 24384K, reserved 1114112K
  class space    used 2597K, committed 2816K, reserved 1048576K
}
Event: 10.664 GC heap after
{Heap after GC invocations=9 (full 0):
 garbage-first heap   total 258048K, used 126916K [0x0000000704400000, 0x0000000800000000)
  region size 2048K, 8 young (16384K), 8 survivors (16384K)
 Metaspace       used 23947K, committed 24384K, reserved 1114112K
  class space    used 2597K, committed 2816K, reserved 1048576K
}
Event: 11.245 GC heap before
{Heap before GC invocations=9 (full 0):
 garbage-first heap   total 258048K, used 210884K [0x0000000704400000, 0x0000000800000000)
  region size 2048K, 49 young (100352K), 8 survivors (16384K)
 Metaspace       used 23966K, committed 24448K, reserved 1114112K
  class space    used 2597K, committed 2816K, reserved 1048576K
}
Event: 11.273 GC heap after
{Heap after GC invocations=10 (full 0):
 garbage-first heap   total 311296K, used 146099K [0x0000000704400000, 0x0000000800000000)
  region size 2048K, 7 young (14336K), 7 survivors (14336K)
 Metaspace       used 23966K, committed 24448K, reserved 1114112K
  class space    used 2597K, committed 2816K, reserved 1048576K
}
Event: 12.107 GC heap before
{Heap before GC invocations=10 (full 0):
 garbage-first heap   total 311296K, used 252595K [0x0000000704400000, 0x0000000800000000)
  region size 2048K, 59 young (120832K), 7 survivors (14336K)
 Metaspace       used 24633K, committed 25024K, reserved 1114112K
  class space    used 2664K, committed 2816K, reserved 1048576K
}
Event: 12.123 GC heap after
{Heap after GC invocations=11 (full 0):
 garbage-first heap   total 311296K, used 175794K [0x0000000704400000, 0x0000000800000000)
  region size 2048K, 8 young (16384K), 8 survivors (16384K)
 Metaspace       used 24633K, committed 25024K, reserved 1114112K
  class space    used 2664K, committed 2816K, reserved 1048576K
}
Event: 12.280 GC heap before
{Heap before GC invocations=11 (full 0):
 garbage-first heap   total 311296K, used 257714K [0x0000000704400000, 0x0000000800000000)
  region size 2048K, 48 young (98304K), 8 survivors (16384K)
 Metaspace       used 24638K, committed 25024K, reserved 1114112K
  class space    used 2664K, committed 2816K, reserved 1048576K
}
Event: 12.290 GC heap after
{Heap after GC invocations=12 (full 0):
 garbage-first heap   total 311296K, used 188416K [0x0000000704400000, 0x0000000800000000)
  region size 2048K, 5 young (10240K), 5 survivors (10240K)
 Metaspace       used 24638K, committed 25024K, reserved 1114112K
  class space    used 2664K, committed 2816K, reserved 1048576K
}
Event: 12.429 GC heap before
{Heap before GC invocations=12 (full 0):
 garbage-first heap   total 311296K, used 264192K [0x0000000704400000, 0x0000000800000000)
  region size 2048K, 43 young (88064K), 5 survivors (10240K)
 Metaspace       used 24639K, committed 25024K, reserved 1114112K
  class space    used 2664K, committed 2816K, reserved 1048576K
}
Event: 12.437 GC heap after
{Heap after GC invocations=13 (full 0):
 garbage-first heap   total 311296K, used 197761K [0x0000000704400000, 0x0000000800000000)
  region size 2048K, 5 young (10240K), 5 survivors (10240K)
 Metaspace       used 24639K, committed 25024K, reserved 1114112K
  class space    used 2664K, committed 2816K, reserved 1048576K
}
Event: 12.581 GC heap before
{Heap before GC invocations=13 (full 0):
 garbage-first heap   total 399360K, used 267393K [0x0000000704400000, 0x0000000800000000)
  region size 2048K, 41 young (83968K), 5 survivors (10240K)
 Metaspace       used 24638K, committed 25024K, reserved 1114112K
  class space    used 2663K, committed 2816K, reserved 1048576K
}

Dll operation events (12 events):
Event: 0.008 Loaded shared library C:\Program Files\Java\jdk-21\bin\java.dll
Event: 0.034 Loaded shared library C:\Program Files\Java\jdk-21\bin\jsvml.dll
Event: 0.066 Loaded shared library C:\Program Files\Java\jdk-21\bin\zip.dll
Event: 0.069 Loaded shared library C:\Program Files\Java\jdk-21\bin\instrument.dll
Event: 0.072 Loaded shared library C:\Program Files\Java\jdk-21\bin\net.dll
Event: 0.074 Loaded shared library C:\Program Files\Java\jdk-21\bin\nio.dll
Event: 0.077 Loaded shared library C:\Program Files\Java\jdk-21\bin\zip.dll
Event: 0.086 Loaded shared library C:\Program Files\JetBrains\IntelliJ IDEA Community Edition 2024.1.1\bin\breakgen64.dll
Event: 0.093 Loaded shared library C:\Program Files\Java\jdk-21\bin\extnet.dll
Event: 0.168 Loaded shared library C:\Program Files\Java\jdk-21\bin\jimage.dll
Event: 0.181 Loaded shared library C:\Users\marce\AppData\Local\Temp\jansi-2.4.1-e3c32dde4559edd2-jansi.dll
Event: 0.193 Loaded shared library C:\Program Files\Java\jdk-21\bin\verify.dll

Deoptimization events (20 events):
Event: 12.238 Thread 0x00000208a73d2850 DEOPT PACKING pc=0x0000020847712338 sp=0x000000ea90ffbae0
Event: 12.238 Thread 0x00000208a73d2850 DEOPT UNPACKING pc=0x000002084df288e2 sp=0x000000ea90ffaf88 mode 0
Event: 12.399 Thread 0x00000208a6e4e6d0 Uncommon trap: trap_request=0xffffff45 fr.pc=0x000002084e871df0 relative=0x00000000000005f0
Event: 12.399 Thread 0x00000208a6e4e6d0 Uncommon trap: reason=unstable_if action=reinterpret pc=0x000002084e871df0 method=org.eclipse.aether.util.graph.transformer.ConflictResolver$State.deriveScope(Lorg/eclipse/aether/graph/DependencyNode;Ljava/lang/Object;)Ljava/lang/String; @ 8 c2
Event: 12.399 Thread 0x00000208a6e4e6d0 DEOPT PACKING pc=0x000002084e871df0 sp=0x000000ea90efe590
Event: 12.399 Thread 0x00000208a6e4e6d0 DEOPT UNPACKING pc=0x000002084df27da2 sp=0x000000ea90efe540 mode 2
Event: 12.399 Thread 0x00000208a6e4e6d0 Uncommon trap: trap_request=0xffffff45 fr.pc=0x000002084e872c28 relative=0x0000000000000388
Event: 12.399 Thread 0x00000208a6e4e6d0 Uncommon trap: reason=unstable_if action=reinterpret pc=0x000002084e872c28 method=org.eclipse.aether.util.graph.transformer.ConflictResolver$State.deriveOptional(Lorg/eclipse/aether/graph/DependencyNode;Ljava/lang/Object;)Z @ 38 c2
Event: 12.399 Thread 0x00000208a6e4e6d0 DEOPT PACKING pc=0x000002084e872c28 sp=0x000000ea90efe5b0
Event: 12.399 Thread 0x00000208a6e4e6d0 DEOPT UNPACKING pc=0x000002084df27da2 sp=0x000000ea90efe530 mode 2
Event: 12.399 Thread 0x00000208a6e4e6d0 Uncommon trap: trap_request=0xffffff45 fr.pc=0x000002084ea0770c relative=0x0000000000003cac
Event: 12.399 Thread 0x00000208a6e4e6d0 Uncommon trap: reason=unstable_if action=reinterpret pc=0x000002084ea0770c method=org.eclipse.aether.util.graph.transformer.ConflictResolver$State.deriveScope(Lorg/eclipse/aether/graph/DependencyNode;Ljava/lang/Object;)Ljava/lang/String; @ 8 c2
Event: 12.399 Thread 0x00000208a6e4e6d0 DEOPT PACKING pc=0x000002084ea0770c sp=0x000000ea90efe660
Event: 12.399 Thread 0x00000208a6e4e6d0 DEOPT UNPACKING pc=0x000002084df27da2 sp=0x000000ea90efe5b8 mode 2
Event: 12.479 Thread 0x00000208a69ea2d0 DEOPT PACKING pc=0x0000020847712338 sp=0x000000ea910fd1c0
Event: 12.479 Thread 0x00000208a69ea2d0 DEOPT UNPACKING pc=0x000002084df288e2 sp=0x000000ea910fc668 mode 0
Event: 12.580 Thread 0x00000208a6e4e6d0 Uncommon trap: trap_request=0xffffff6e fr.pc=0x000002084ea32cac relative=0x00000000000008cc
Event: 12.580 Thread 0x00000208a6e4e6d0 Uncommon trap: reason=loop_limit_check action=maybe_recompile pc=0x000002084ea32cac method=org.eclipse.aether.internal.impl.collect.DefaultDependencyCycle.find(Ljava/util/List;Lorg/eclipse/aether/artifact/Artifact;)I @ 10 c2
Event: 12.580 Thread 0x00000208a6e4e6d0 DEOPT PACKING pc=0x000002084ea32cac sp=0x000000ea90efe5b0
Event: 12.580 Thread 0x00000208a6e4e6d0 DEOPT UNPACKING pc=0x000002084df27da2 sp=0x000000ea90efe548 mode 2

Classes loaded (20 events):
Event: 11.361 Loading class sun/nio/fs/WindowsAclFileAttributeView
Event: 11.361 Loading class sun/nio/fs/AbstractAclFileAttributeView
Event: 11.361 Loading class java/nio/file/attribute/AclFileAttributeView
Event: 11.361 Loading class java/nio/file/attribute/FileOwnerAttributeView
Event: 11.361 Loading class java/nio/file/attribute/FileOwnerAttributeView done
Event: 11.361 Loading class java/nio/file/attribute/AclFileAttributeView done
Event: 11.361 Loading class sun/nio/fs/AbstractAclFileAttributeView done
Event: 11.361 Loading class sun/nio/fs/WindowsAclFileAttributeView done
Event: 11.362 Loading class sun/nio/fs/WindowsSecurity
Event: 11.362 Loading class sun/nio/fs/WindowsSecurity done
Event: 11.363 Loading class sun/nio/fs/WindowsFileStore
Event: 11.363 Loading class sun/nio/fs/WindowsFileStore done
Event: 11.370 Loading class java/nio/file/InvalidPathException
Event: 11.370 Loading class java/nio/file/InvalidPathException done
Event: 11.371 Loading class java/nio/file/attribute/PosixFileAttributeView
Event: 11.371 Loading class java/nio/file/attribute/PosixFileAttributeView done
Event: 11.376 Loading class java/util/regex/PatternSyntaxException
Event: 11.376 Loading class java/util/regex/PatternSyntaxException done
Event: 12.031 Loading class java/util/concurrent/locks/ReentrantReadWriteLock$Sync$HoldCounter
Event: 12.031 Loading class java/util/concurrent/locks/ReentrantReadWriteLock$Sync$HoldCounter done

Classes unloaded (3 events):
Event: 12.497 Thread 0x000002085d5269d0 Unloading class 0x000002085f29d000 'java/lang/invoke/LambdaForm$DMH+0x000002085f29d000'
Event: 12.497 Thread 0x000002085d5269d0 Unloading class 0x000002085f29cc00 'java/lang/invoke/LambdaForm$DMH+0x000002085f29cc00'
Event: 12.497 Thread 0x000002085d5269d0 Unloading class 0x000002085f29c800 'java/lang/invoke/LambdaForm$DMH+0x000002085f29c800'

Classes redefined (0 events):
No events

Internal exceptions (20 events):
Event: 8.669 Thread 0x000002083cd69ab0 Exception <a 'java/lang/NoSuchMethodError'{0x0000000712fca1a8}: 'java.lang.Object java.lang.invoke.DirectMethodHandle$Holder.invokeStaticInit(java.lang.Object, java.lang.Object, int, int, int, int)'> (0x0000000712fca1a8) 
thrown [s\open\src\hotspot\share\interpreter\linkResolver.cpp, line 773]
Event: 8.689 Thread 0x00000208a6e4e6d0 Exception <a 'sun/nio/fs/WindowsException'{0x0000000712c13658}> (0x0000000712c13658) 
thrown [s\open\src\hotspot\share\prims\jni.cpp, line 520]
Event: 8.692 Thread 0x000002083cd69ab0 Exception <a 'java/lang/NoSuchMethodError'{0x0000000712ff2030}: 'int java.lang.invoke.DirectMethodHandle$Holder.invokeStaticInit(java.lang.Object, java.lang.Object, java.lang.Object, int)'> (0x0000000712ff2030) 
thrown [s\open\src\hotspot\share\interpreter\linkResolver.cpp, line 773]
Event: 8.769 Thread 0x00000208a73d2850 Exception <a 'java/lang/NoSuchMethodError'{0x0000000712de97e8}: 'void java.lang.invoke.DirectMethodHandle$Holder.invokeInterface(java.lang.Object, java.lang.Object)'> (0x0000000712de97e8) 
thrown [s\open\src\hotspot\share\interpreter\linkResolver.cpp, line 773]
Event: 8.769 Thread 0x00000208a69ea2d0 Exception <a 'java/lang/NoSuchMethodError'{0x0000000712b111e0}: 'void java.lang.invoke.DirectMethodHandle$Holder.invokeInterface(java.lang.Object, java.lang.Object)'> (0x0000000712b111e0) 
thrown [s\open\src\hotspot\share\interpreter\linkResolver.cpp, line 773]
Event: 8.769 Thread 0x00000208a57f7ab0 Exception <a 'java/lang/NoSuchMethodError'{0x0000000712a1e168}: 'void java.lang.invoke.DirectMethodHandle$Holder.invokeInterface(java.lang.Object, java.lang.Object)'> (0x0000000712a1e168) 
thrown [s\open\src\hotspot\share\interpreter\linkResolver.cpp, line 773]
Event: 8.769 Thread 0x00000208a37331a0 Exception <a 'java/lang/NoSuchMethodError'{0x000000071282e148}: 'void java.lang.invoke.DirectMethodHandle$Holder.invokeInterface(java.lang.Object, java.lang.Object)'> (0x000000071282e148) 
thrown [s\open\src\hotspot\share\interpreter\linkResolver.cpp, line 773]
Event: 8.830 Thread 0x000002083cd69ab0 Exception <a 'java/lang/NoSuchMethodError'{0x00000007127b0868}: 'java.lang.Object java.lang.invoke.DirectMethodHandle$Holder.newInvokeSpecial(java.lang.Object, java.lang.Object, java.lang.Object, java.lang.Object, java.lang.Object, java.lang.Object, java.lang.Object, java.lang.Object)'> (0x00000007127b0868) 
thrown [s\open\src\hotspot\share\interpreter\linkResolver.cpp, line 773]
Event: 8.836 Thread 0x000002083cd69ab0 Exception <a 'java/lang/NoSuchMethodError'{0x00000007127dad00}: 'java.lang.Object java.lang.invoke.DirectMethodHandle$Holder.invokeStatic(java.lang.Object, java.lang.Object, int)'> (0x00000007127dad00) 
thrown [s\open\src\hotspot\share\interpreter\linkResolver.cpp, line 773]
Event: 8.837 Thread 0x000002083cd69ab0 Exception <a 'java/lang/NoSuchMethodError'{0x00000007127df4b0}: 'void java.lang.invoke.DirectMethodHandle$Holder.invokeStatic(java.lang.Object, java.lang.Object, int, java.lang.Object)'> (0x00000007127df4b0) 
thrown [s\open\src\hotspot\share\interpreter\linkResolver.cpp, line 773]
Event: 8.838 Thread 0x000002083cd69ab0 Exception <a 'java/lang/NoSuchMethodError'{0x00000007127e6840}: 'void java.lang.invoke.DelegatingMethodHandle$Holder.delegate(java.lang.Object, java.lang.Object, int, java.lang.Object)'> (0x00000007127e6840) 
thrown [s\open\src\hotspot\share\interpreter\linkResolver.cpp, line 773]
Event: 8.890 Thread 0x000002083cd69ab0 Exception <a 'java/lang/NoSuchMethodError'{0x0000000712444508}: 'java.lang.Object java.lang.invoke.DelegatingMethodHandle$Holder.reinvoke_L(java.lang.Object, java.lang.Object, java.lang.Object, java.lang.Object, java.lang.Object, java.lang.Object, java.lang.Object, java.lang.Object, java.lang.Object, java.lang.Object, java.lang.Object, java.lang.Object, java.lang.Object)'> (0x0000000712444508) 
thrown [s\open\src\hotspot\share\interpreter\linkResolver.cpp, line 773]
Event: 8.898 Thread 0x000002083cd69ab0 Exception <a 'java/lang/NoSuchMethodError'{0x0000000712483d60}: 'java.lang.Object java.lang.invoke.DirectMethodHandle$Holder.invokeStatic(java.lang.Object, java.lang.Object, java.lang.Object, java.lang.Object, java.lang.Object, java.lang.Object, java.lang.Object, java.lang.Object, java.lang.Object, java.lang.Object, java.lang.Object, java.lang.Object, java.lang.Object)'> (0x0000000712483d60) 
thrown [s\open\src\hotspot\share\interpreter\linkResolver.cpp, line 773]
Event: 8.902 Thread 0x000002083cd69ab0 Exception <a 'java/lang/NoSuchMethodError'{0x00000007124a1d78}: 'java.lang.Object java.lang.invoke.DirectMethodHandle$Holder.invokeStatic(java.lang.Object, java.lang.Object, java.lang.Object, java.lang.Object, java.lang.Object, java.lang.Object, java.lang.Object, java.lang.Object, java.lang.Object, java.lang.Object, java.lang.Object, java.lang.Object, java.lang.Object, java.lang.Object)'> (0x00000007124a1d78) 
thrown [s\open\src\hotspot\share\interpreter\linkResolver.cpp, line 773]
Event: 8.906 Thread 0x000002083cd69ab0 Exception <a 'java/lang/NoSuchMethodError'{0x00000007124c1488}: 'java.lang.Object java.lang.invoke.DirectMethodHandle$Holder.invokeStatic(java.lang.Object, java.lang.Object, java.lang.Object, java.lang.Object, java.lang.Object, java.lang.Object, java.lang.Object, java.lang.Object, java.lang.Object, java.lang.Object, java.lang.Object, java.lang.Object, java.lang.Object, java.lang.Object, java.lang.Object)'> (0x00000007124c1488) 
thrown [s\open\src\hotspot\share\interpreter\linkResolver.cpp, line 773]
Event: 8.911 Thread 0x000002083cd69ab0 Exception <a 'java/lang/NoSuchMethodError'{0x00000007124e2f38}: 'java.lang.Object java.lang.invoke.DirectMethodHandle$Holder.invokeStatic(java.lang.Object, java.lang.Object, java.lang.Object, java.lang.Object, java.lang.Object, java.lang.Object, java.lang.Object, java.lang.Object, java.lang.Object, java.lang.Object, java.lang.Object, java.lang.Object, java.lang.Object, java.lang.Object, java.lang.Object, java.lang.Object)'> (0x00000007124e2f38) 
thrown [s\open\src\hotspot\share\interpreter\linkResolver.cpp
Event: 10.469 Thread 0x000002083cd69ab0 Implicit null exception at 0x000002084e9968ad to 0x000002084e9976c4
Event: 10.471 Thread 0x000002083cd69ab0 Implicit null exception at 0x000002084e9968ad to 0x000002084e9976c4
Event: 10.495 Thread 0x000002083cd69ab0 Implicit null exception at 0x000002084e9968ad to 0x000002084e9976c4
Event: 10.500 Thread 0x000002083cd69ab0 Implicit null exception at 0x000002084e9968ad to 0x000002084e9976c4

ZGC Phase Switch (0 events):
No events

VM Operations (20 events):
Event: 11.273 Executing VM operation: G1CollectForAllocation (G1 Evacuation Pause) done
Event: 11.354 Executing VM operation: HandshakeAllThreads (Deoptimize)
Event: 11.354 Executing VM operation: HandshakeAllThreads (Deoptimize) done
Event: 11.359 Executing VM operation: HandshakeAllThreads (Deoptimize)
Event: 11.359 Executing VM operation: HandshakeAllThreads (Deoptimize) done
Event: 11.370 Executing VM operation: HandshakeAllThreads (Deoptimize)
Event: 11.371 Executing VM operation: HandshakeAllThreads (Deoptimize) done
Event: 11.399 Executing VM operation: HandshakeAllThreads (Deoptimize)
Event: 11.400 Executing VM operation: HandshakeAllThreads (Deoptimize) done
Event: 11.403 Executing VM operation: HandshakeAllThreads (Deoptimize)
Event: 11.403 Executing VM operation: HandshakeAllThreads (Deoptimize) done
Event: 12.107 Executing VM operation: G1CollectForAllocation (G1 Evacuation Pause)
Event: 12.126 Executing VM operation: G1CollectForAllocation (G1 Evacuation Pause) done
Event: 12.280 Executing VM operation: G1CollectForAllocation (G1 Evacuation Pause)
Event: 12.295 Executing VM operation: G1CollectForAllocation (G1 Evacuation Pause) done
Event: 12.429 Executing VM operation: G1CollectForAllocation (G1 Evacuation Pause)
Event: 12.438 Executing VM operation: G1CollectForAllocation (G1 Evacuation Pause) done
Event: 12.496 Executing VM operation: G1PauseRemark
Event: 12.509 Executing VM operation: G1PauseRemark done
Event: 12.581 Executing VM operation: G1CollectForAllocation (G1 Evacuation Pause)

Events (20 events):
Event: 12.508 Thread 0x000002085d5269d0 flushing nmethod 0x000002084e4c6090
Event: 12.508 Thread 0x000002085d5269d0 flushing nmethod 0x000002084e4b6c10
Event: 12.508 Thread 0x000002085d5269d0 flushing nmethod 0x000002084e4b3390
Event: 12.508 Thread 0x000002085d5269d0 flushing nmethod 0x000002084e4c1090
Event: 12.508 Thread 0x000002085d5269d0 flushing nmethod 0x000002084e4b0510
Event: 12.508 Thread 0x000002085d5269d0 flushing nmethod 0x000002084e4b4a10
Event: 12.508 Thread 0x000002085d5269d0 flushing nmethod 0x000002084e4ac390
Event: 12.508 Thread 0x000002085d5269d0 flushing nmethod 0x000002084e4ae190
Event: 12.508 Thread 0x000002085d5269d0 flushing nmethod 0x000002084e4a2d90
Event: 12.508 Thread 0x000002085d5269d0 flushing nmethod 0x000002084e497a90
Event: 12.508 Thread 0x000002085d5269d0 flushing nmethod 0x000002084e4a0810
Event: 12.508 Thread 0x000002085d5269d0 flushing nmethod 0x000002084e4a4710
Event: 12.508 Thread 0x000002085d5269d0 flushing nmethod 0x000002084e49bc90
Event: 12.508 Thread 0x000002085d5269d0 flushing nmethod 0x000002084e49e190
Event: 12.508 Thread 0x000002085d5269d0 flushing nmethod 0x000002084e48bd10
Event: 12.508 Thread 0x000002085d5269d0 flushing nmethod 0x000002084e488310
Event: 12.508 Thread 0x000002085d5269d0 flushing nmethod 0x000002084e48ac10
Event: 12.508 Thread 0x000002085d5269d0 flushing nmethod 0x000002084e487990
Event: 12.508 Thread 0x000002085d5269d0 flushing nmethod 0x000002084e485f90
Event: 12.508 Thread 0x000002085d5269d0 flushing nmethod 0x000002084e470010


Dynamic libraries:
0x00007ff74b420000 - 0x00007ff74b430000 	C:\Program Files\Java\jdk-21\bin\java.exe
0x00007ffaf8540000 - 0x00007ffaf87a8000 	C:\WINDOWS\SYSTEM32\ntdll.dll
0x00007ffaf6f10000 - 0x00007ffaf6fd9000 	C:\WINDOWS\System32\KERNEL32.DLL
0x00007ffaf5ee0000 - 0x00007ffaf62d1000 	C:\WINDOWS\System32\KERNELBASE.dll
0x00007ffaf5050000 - 0x00007ffaf519b000 	C:\WINDOWS\System32\ucrtbase.dll
0x00007ffaed0b0000 - 0x00007ffaed0cb000 	C:\Program Files\Java\jdk-21\bin\VCRUNTIME140.dll
0x00007ffaeff00000 - 0x00007ffaeff19000 	C:\Program Files\Java\jdk-21\bin\jli.dll
0x00007ffaf62e0000 - 0x00007ffaf6394000 	C:\WINDOWS\System32\ADVAPI32.dll
0x00007ffaf8060000 - 0x00007ffaf8109000 	C:\WINDOWS\System32\msvcrt.dll
0x00007ffaf7780000 - 0x00007ffaf7826000 	C:\WINDOWS\System32\sechost.dll
0x00007ffaf68c0000 - 0x00007ffaf69d8000 	C:\WINDOWS\System32\RPCRT4.dll
0x00007ffaf7540000 - 0x00007ffaf7706000 	C:\WINDOWS\System32\USER32.dll
0x00007ffaf51a0000 - 0x00007ffaf51c7000 	C:\WINDOWS\System32\win32u.dll
0x00007ffae05b0000 - 0x00007ffae0843000 	C:\WINDOWS\WinSxS\amd64_microsoft.windows.common-controls_6595b64144ccf1df_6.0.26100.7824_none_3e0870b2e3345462\COMCTL32.dll
0x00007ffaf74f0000 - 0x00007ffaf751b000 	C:\WINDOWS\System32\GDI32.dll
0x00007ffaf5db0000 - 0x00007ffaf5edb000 	C:\WINDOWS\System32\gdi32full.dll
0x00007ffaf4fa0000 - 0x00007ffaf5043000 	C:\WINDOWS\System32\msvcp_win.dll
0x00007ffae92f0000 - 0x00007ffae92fb000 	C:\WINDOWS\SYSTEM32\VERSION.dll
0x00007ffaf8020000 - 0x00007ffaf8051000 	C:\WINDOWS\System32\IMM32.DLL
0x00007ffaeba70000 - 0x00007ffaeba7c000 	C:\Program Files\Java\jdk-21\bin\vcruntime140_1.dll
0x00007ffa8c480000 - 0x00007ffa8c50e000 	C:\Program Files\Java\jdk-21\bin\msvcp140.dll
0x00007ffa823b0000 - 0x00007ffa830c7000 	C:\Program Files\Java\jdk-21\bin\server\jvm.dll
0x00007ffaf70f0000 - 0x00007ffaf7164000 	C:\WINDOWS\System32\WS2_32.dll
0x00007ffaf4c80000 - 0x00007ffaf4cde000 	C:\WINDOWS\SYSTEM32\POWRPROF.dll
0x00007ffae3560000 - 0x00007ffae3595000 	C:\WINDOWS\SYSTEM32\WINMM.dll
0x00007ffaf4c60000 - 0x00007ffaf4c74000 	C:\WINDOWS\SYSTEM32\UMPDC.dll
0x00007ffaf3bc0000 - 0x00007ffaf3bdb000 	C:\WINDOWS\SYSTEM32\kernel.appcore.dll
0x00007ffaeba60000 - 0x00007ffaeba6a000 	C:\Program Files\Java\jdk-21\bin\jimage.dll
0x00007ffaf2d90000 - 0x00007ffaf2fd2000 	C:\WINDOWS\SYSTEM32\DBGHELP.DLL
0x00007ffaf8170000 - 0x00007ffaf84f6000 	C:\WINDOWS\System32\combase.dll
0x00007ffaf7350000 - 0x00007ffaf7427000 	C:\WINDOWS\System32\OLEAUT32.dll
0x00007ffadb620000 - 0x00007ffadb65b000 	C:\WINDOWS\SYSTEM32\dbgcore.DLL
0x00007ffaf51d0000 - 0x00007ffaf5275000 	C:\WINDOWS\System32\bcryptPrimitives.dll
0x00007ffaeff30000 - 0x00007ffaeff3f000 	C:\Program Files\Java\jdk-21\bin\instrument.dll
0x00007ffacd1f0000 - 0x00007ffacd20f000 	C:\Program Files\Java\jdk-21\bin\java.dll
0x00007ffaf78c0000 - 0x00007ffaf8012000 	C:\WINDOWS\System32\SHELL32.dll
0x00007ffaf5c40000 - 0x00007ffaf5daa000 	C:\WINDOWS\System32\wintypes.dll
0x00007ffaf5280000 - 0x00007ffaf5ae3000 	C:\WINDOWS\System32\windows.storage.dll
0x00007ffaf6ff0000 - 0x00007ffaf70e6000 	C:\WINDOWS\System32\SHCORE.dll
0x00007ffaf7710000 - 0x00007ffaf7777000 	C:\WINDOWS\System32\shlwapi.dll
0x00007ffaf4d40000 - 0x00007ffaf4d69000 	C:\WINDOWS\SYSTEM32\profapi.dll
0x00007ffa87180000 - 0x00007ffa87257000 	C:\Program Files\Java\jdk-21\bin\jsvml.dll
0x00007ffac7270000 - 0x00007ffac7288000 	C:\Program Files\Java\jdk-21\bin\zip.dll
0x00007ffacd0c0000 - 0x00007ffacd0d0000 	C:\Program Files\Java\jdk-21\bin\net.dll
0x00007ffaef9d0000 - 0x00007ffaefaf7000 	C:\WINDOWS\SYSTEM32\WINHTTP.dll
0x00007ffaf4130000 - 0x00007ffaf419b000 	C:\WINDOWS\system32\mswsock.dll
0x00007ffacd0a0000 - 0x00007ffacd0b6000 	C:\Program Files\Java\jdk-21\bin\nio.dll
0x00007ffaed090000 - 0x00007ffaed0aa000 	C:\Program Files\JetBrains\IntelliJ IDEA Community Edition 2024.1.1\bin\breakgen64.dll
0x00007ffac7050000 - 0x00007ffac7059000 	C:\Program Files\Java\jdk-21\bin\extnet.dll
0x00007ffaba6a0000 - 0x00007ffaba6c4000 	C:\Users\marce\AppData\Local\Temp\jansi-2.4.1-e3c32dde4559edd2-jansi.dll
0x00007ffac7020000 - 0x00007ffac7030000 	C:\Program Files\Java\jdk-21\bin\verify.dll
0x00007ffaf4400000 - 0x00007ffaf441b000 	C:\WINDOWS\SYSTEM32\CRYPTSP.dll
0x00007ffaf3b20000 - 0x00007ffaf3b59000 	C:\WINDOWS\system32\rsaenh.dll
0x00007ffaf41e0000 - 0x00007ffaf420b000 	C:\WINDOWS\SYSTEM32\USERENV.dll
0x00007ffaf4d10000 - 0x00007ffaf4d3a000 	C:\WINDOWS\SYSTEM32\bcrypt.dll
0x00007ffaf4420000 - 0x00007ffaf442c000 	C:\WINDOWS\SYSTEM32\CRYPTBASE.dll
0x00007ffaf3650000 - 0x00007ffaf3684000 	C:\WINDOWS\SYSTEM32\IPHLPAPI.DLL
0x00007ffaf69e0000 - 0x00007ffaf69ea000 	C:\WINDOWS\System32\NSI.dll
0x00007ffad6360000 - 0x00007ffad6378000 	C:\WINDOWS\system32\napinsp.dll
0x00007ffaf3690000 - 0x00007ffaf37bc000 	C:\WINDOWS\SYSTEM32\DNSAPI.dll
0x00007ffae0e50000 - 0x00007ffae0e62000 	C:\WINDOWS\System32\winrnr.dll
0x00007ffad6300000 - 0x00007ffad6322000 	C:\WINDOWS\system32\nlansp_c.dll
0x00007ffad62e0000 - 0x00007ffad62f6000 	C:\WINDOWS\system32\wshbth.dll
0x00007ffae9b30000 - 0x00007ffae9b3b000 	C:\Windows\System32\rasadhlp.dll
0x00007ffaefe10000 - 0x00007ffaefe96000 	C:\WINDOWS\System32\fwpuclnt.dll

dbghelp: loaded successfully - version: 4.0.5 - missing functions: none
symbol engine: initialized successfully - sym options: 0x614 - pdb path: .;C:\Program Files\Java\jdk-21\bin;C:\WINDOWS\SYSTEM32;C:\WINDOWS\WinSxS\amd64_microsoft.windows.common-controls_6595b64144ccf1df_6.0.26100.7824_none_3e0870b2e3345462;C:\Program Files\Java\jdk-21\bin\server;C:\Program Files\JetBrains\IntelliJ IDEA Community Edition 2024.1.1\bin;C:\Users\marce\AppData\Local\Temp

VM Arguments:
jvm_args: -Dmaven.multiModuleProjectDirectory=C:\Users\marce\Desktop\Alura\Java\Mensageria com Java\banking-service-master -Djansi.passthrough=true -Dmaven.home=C:\Users\marce\.m2\wrapper\dists\apache-maven-3.9.8-bin\4fnp1ql35bgk2a0p7m31ovbgb0\apache-maven-3.9.8 -Dclassworlds.conf=C:\Users\marce\.m2\wrapper\dists\apache-maven-3.9.8-bin\4fnp1ql35bgk2a0p7m31ovbgb0\apache-maven-3.9.8\bin\m2.conf -Dmaven.ext.class.path=C:\Program Files\JetBrains\IntelliJ IDEA Community Edition 2024.1.1\plugins\maven\lib\maven-event-listener.jar -javaagent:C:\Program Files\JetBrains\IntelliJ IDEA Community Edition 2024.1.1\lib\idea_rt.jar=52534:C:\Program Files\JetBrains\IntelliJ IDEA Community Edition 2024.1.1\bin -Dfile.encoding=UTF-8 -Dsun.stdout.encoding=UTF-8 -Dsun.stderr.encoding=UTF-8 
java_command: org.codehaus.classworlds.Launcher -Didea.version=2024.1.1 quarkus:dev
java_class_path (initial): C:\Users\marce\.m2\wrapper\dists\apache-maven-3.9.8-bin\4fnp1ql35bgk2a0p7m31ovbgb0\apache-maven-3.9.8\boot\plexus-classworlds-2.8.0.jar;C:\Users\marce\.m2\wrapper\dists\apache-maven-3.9.8-bin\4fnp1ql35bgk2a0p7m31ovbgb0\apache-maven-3.9.8\boot\plexus-classworlds.license
Launcher Type: SUN_STANDARD

[Global flags]
     intx CICompilerCount                          = 4                                         {product} {ergonomic}
     uint ConcGCThreads                            = 2                                         {product} {ergonomic}
     uint G1ConcRefinementThreads                  = 8                                         {product} {ergonomic}
   size_t G1HeapRegionSize                         = 2097152                                   {product} {ergonomic}
    uintx GCDrainStackTargetSize                   = 64                                        {product} {ergonomic}
   size_t InitialHeapSize                          = 264241152                                 {product} {ergonomic}
   size_t MarkStackSize                            = 4194304                                   {product} {ergonomic}
   size_t MaxHeapSize                              = 4223664128                                {product} {ergonomic}
   size_t MaxNewSize                               = 2533359616                                {product} {ergonomic}
   size_t MinHeapDeltaBytes                        = 2097152                                   {product} {ergonomic}
   size_t MinHeapSize                              = 8388608                                   {product} {ergonomic}
    uintx NonNMethodCodeHeapSize                   = 5839372                                {pd product} {ergonomic}
    uintx NonProfiledCodeHeapSize                  = 122909434                              {pd product} {ergonomic}
    uintx ProfiledCodeHeapSize                     = 122909434                              {pd product} {ergonomic}
    uintx ReservedCodeCacheSize                    = 251658240                              {pd product} {ergonomic}
     bool SegmentedCodeCache                       = true                                      {product} {ergonomic}
   size_t SoftMaxHeapSize                          = 4223664128                             {manageable} {ergonomic}
     bool UseCompressedOops                        = true                           {product lp64_product} {ergonomic}
     bool UseG1GC                                  = true                                      {product} {ergonomic}
     bool UseLargePagesIndividualAllocation        = false                                  {pd product} {ergonomic}

Logging:
Log output configuration:
 #0: stdout all=warning uptime,level,tags foldmultilines=false
 #1: stderr all=off uptime,level,tags foldmultilines=false

Environment Variables:
JAVA_HOME=C:\Program Files\Java\jdk-21
PATH=C:\Program Files (x86)\Microsoft SDKs\Azure\CLI2\wbin;C:\Program Files\Common Files\Oracle\Java\javapath;C:\WINDOWS\system32;C:\WINDOWS;C:\WINDOWS\System32\Wbem;C:\WINDOWS\System32\WindowsPowerShell\v1.0\;C:\WINDOWS\System32\OpenSSH\;C:\Program Files (x86)\Microsoft SQL Server\160\Tools\Binn\;C:\Program Files\Microsoft SQL Server\160\Tools\Binn\;C:\Program Files\Microsoft SQL Server\Client SDK\ODBC\170\Tools\Binn\;C:\Program Files\Microsoft SQL Server\160\DTS\Binn\;C:\Program Files\nodejs\;C:\Program Files\Java\jdk-21\bin;%JAVA_HOME%\bin;C:\sqlite3;C:\Program Files\MySQL\MySQL Server 8.0\bin;C:\Program Files\dotnet\;C:\Program Files\Git\cmd;C:\Program Files\Docker\Docker\resources\bin;C:\Program Files\Amazon\AWSCLIV2\;C:\Kafka\bin;C:\kafka\bin\windows;C:\k3d;C:\ProgramData\chocolatey\bin;C:\Users\marce\AppData\Local\Microsoft\WindowsApps;C:\Program Files\Azure Data Studio\bin;C:\Users\marce\AppData\Roaming\npm;C:\Users\marce\AppData\Local\Programs\Microsoft VS Code\bin;C:\Program Files\Java\jdk-21\bin;C:\Program Files\OpenSSL-Win64\bin;C:\Apache\Maven\apache-maven-3.9.9\bin
USERNAME=marce
OS=Windows_NT
PROCESSOR_IDENTIFIER=Intel64 Family 6 Model 140 Stepping 1, GenuineIntel
TMP=C:\Users\marce\AppData\Local\Temp
TEMP=C:\Users\marce\AppData\Local\Temp




Periodic native trim disabled

---------------  S Y S T E M  ---------------

OS:
 Windows 11 , 64 bit Build 26100 (10.0.26100.7705)
OS uptime: 1 days 16:37 hours
Hyper-V role detected

CPU: total 8 (initial active 8) (4 cores per cpu, 2 threads per core) family 6 model 140 stepping 1 microcode 0x8a, cx8, cmov, fxsr, ht, mmx, 3dnowpref, sse, sse2, sse3, ssse3, sse4.1, sse4.2, popcnt, lzcnt, tsc, tscinvbit, avx, avx2, aes, erms, clmul, bmi1, bmi2, adx, avx512f, avx512dq, avx512cd, avx512bw, avx512vl, sha, fma, vzeroupper, avx512_vpopcntdq, avx512_vpclmulqdq, avx512_vaes, avx512_vnni, clflush, clflushopt, clwb, avx512_vbmi2, avx512_vbmi, hv, rdtscp, rdpid, fsrm, gfni, avx512_bitalg, f16c, cet_ibt, cet_ss, avx512_ifma
Processor Information for all 8 processors :
  Max Mhz: 2419, Current Mhz: 2419, Mhz Limit: 2419

Memory: 4k page, system-wide physical 16107M (1532M free)
TotalPageFile size 24299M (AvailPageFile size 101M)
current process WorkingSet (physical memory assigned to process): 515M, peak: 515M
current process commit charge ("private bytes"): 604M, peak: 900M

vm_info: Java HotSpot(TM) 64-Bit Server VM (21.0.2+13-LTS-58) for windows-amd64 JRE (21.0.2+13-LTS-58), built on 2024-01-05T18:32:24Z by "mach5one" with MS VC++ 17.1 (VS2022)

END.
